c:\users\gamur\source\repos\operacionesconjuntos\operacionesconjuntos\x64\debug\vc143.pdb
c:\users\gamur\source\repos\operacionesconjuntos\operacionesconjuntos\x64\debug\vc143.idb
c:\users\gamur\source\repos\operacionesconjuntos\operacionesconjuntos\x64\debug\operacionesconjuntos.obj
c:\users\gamur\source\repos\operacionesconjuntos\operacionesconjuntos\x64\debug\conjunto.obj
c:\users\gamur\source\repos\operacionesconjuntos\operacionesconjuntos\x64\debug\operacionesconjuntos.ilk
c:\users\gamur\source\repos\operacionesconjuntos\x64\debug\operacionesconjuntos.pdb
c:\users\gamur\source\repos\operacionesconjuntos\operacionesconjuntos\x64\debug\operacio.3eedfe62.tlog\cl.command.1.tlog
c:\users\gamur\source\repos\operacionesconjuntos\operacionesconjuntos\x64\debug\operacio.3eedfe62.tlog\cl.items.tlog
c:\users\gamur\source\repos\operacionesconjuntos\operacionesconjuntos\x64\debug\operacio.3eedfe62.tlog\cl.read.1.tlog
c:\users\gamur\source\repos\operacionesconjuntos\operacionesconjuntos\x64\debug\operacio.3eedfe62.tlog\cl.write.1.tlog
c:\users\gamur\source\repos\operacionesconjuntos\operacionesconjuntos\x64\debug\operacio.3eedfe62.tlog\link-cvtres.read.1.tlog
c:\users\gamur\source\repos\operacionesconjuntos\operacionesconjuntos\x64\debug\operacio.3eedfe62.tlog\link-cvtres.write.1.tlog
c:\users\gamur\source\repos\operacionesconjuntos\operacionesconjuntos\x64\debug\operacio.3eedfe62.tlog\link-rc.read.1.tlog
c:\users\gamur\source\repos\operacionesconjuntos\operacionesconjuntos\x64\debug\operacio.3eedfe62.tlog\link-rc.write.1.tlog
c:\users\gamur\source\repos\operacionesconjuntos\operacionesconjuntos\x64\debug\operacio.3eedfe62.tlog\link.14232-cvtres.read.1.tlog
c:\users\gamur\source\repos\operacionesconjuntos\operacionesconjuntos\x64\debug\operacio.3eedfe62.tlog\link.14232-cvtres.write.1.tlog
c:\users\gamur\source\repos\operacionesconjuntos\operacionesconjuntos\x64\debug\operacio.3eedfe62.tlog\link.14232-rc.read.1.tlog
c:\users\gamur\source\repos\operacionesconjuntos\operacionesconjuntos\x64\debug\operacio.3eedfe62.tlog\link.14232-rc.write.1.tlog
c:\users\gamur\source\repos\operacionesconjuntos\operacionesconjuntos\x64\debug\operacio.3eedfe62.tlog\link.14232.read.1.tlog
c:\users\gamur\source\repos\operacionesconjuntos\operacionesconjuntos\x64\debug\operacio.3eedfe62.tlog\link.14232.read.2.tlog
c:\users\gamur\source\repos\operacionesconjuntos\operacionesconjuntos\x64\debug\operacio.3eedfe62.tlog\link.14232.write.1.tlog
c:\users\gamur\source\repos\operacionesconjuntos\operacionesconjuntos\x64\debug\operacio.3eedfe62.tlog\link.command.1.tlog
c:\users\gamur\source\repos\operacionesconjuntos\operacionesconjuntos\x64\debug\operacio.3eedfe62.tlog\link.read.1.tlog
c:\users\gamur\source\repos\operacionesconjuntos\operacionesconjuntos\x64\debug\operacio.3eedfe62.tlog\link.read.3.tlog
c:\users\gamur\source\repos\operacionesconjuntos\operacionesconjuntos\x64\debug\operacio.3eedfe62.tlog\link.secondary.1.tlog
c:\users\gamur\source\repos\operacionesconjuntos\operacionesconjuntos\x64\debug\operacio.3eedfe62.tlog\link.write.1.tlog
